<?xml version="1.0" encoding="UTF-8"?>
<testng-results ignored="0" total="1" passed="1" failed="0" skipped="0">
  <reporter-output>
  </reporter-output>
  <suite started-at="2024-02-13T12:18:51 EST" name="Default suite" finished-at="2024-02-13T12:18:53 EST" duration-ms="2163">
    <groups>
    </groups>
    <test started-at="2024-02-13T12:18:51 EST" name="Default test" finished-at="2024-02-13T12:18:53 EST" duration-ms="2163">
      <class name="apitest.APItestng">
        <test-method signature="test()[pri:0, instance:apitest.APItestng@9597028]" started-at="2024-02-13T12:18:51 EST" name="test" finished-at="2024-02-13T12:18:53 EST" duration-ms="2117" status="PASS">
          <reporter-output>
          </reporter-output>
        </test-method> <!-- test -->
      </class> <!-- apitest.APItestng -->
    </test> <!-- Default test -->
  </suite> <!-- Default suite -->
</testng-results>
